#
# A fatal error has been detected by the Java Runtime Environment:
#
#  SIGSEGV (0xb) at pc=0x000000010c132d74, pid=8839, tid=18179
#
# JRE version: Java(TM) SE Runtime Environment (7.0_40-b43) (build 1.7.0_40-b43)
# Java VM: Java HotSpot(TM) 64-Bit Server VM (24.0-b56 mixed mode bsd-amd64 compressed oops)
# Problematic frame:
# V  [libjvm.dylib+0x332d74]  jvmti_IsMethodSynthetic+0xb9
#
# Failed to write core dump. Core dumps have been disabled. To enable core dumping, try "ulimit -c unlimited" before starting Java again
#
# If you would like to submit a bug report, please visit:
#   http://bugreport.sun.com/bugreport/crash.jsp
#

---------------  T H R E A D  ---------------

Current thread (0x00007fed28861800):  JavaThread "JDWP Transport Listener: dt_socket" daemon [_thread_in_vm, id=18179, stack(0x0000000113db4000,0x0000000113eb4000)]

siginfo:si_signo=SIGSEGV: si_errno=0, si_code=1 (SEGV_MAPERR), si_addr=0x00007fed00000008

Registers:
RAX=0x0000000000000001, RBX=0x0000000113eb3a9b, RCX=0x00000000000fc080, RDX=0x0000000113eb3a9b
RSP=0x0000000113eb3a00, RBP=0x0000000113eb3a50, RSI=0x00007fed28861800, RDI=0x00007fed286001b0
R8 =0x00007fed28718aa0, R9 =0x00007fed28718e60, R10=0x00000000bc5323d4, R11=0x00000000892ae11e
R12=0x00007fed28861800, R13=0x00007fed00000008, R14=0x00007fed00000008, R15=0x00007fed286001b0
RIP=0x000000010c132d74, EFLAGS=0x0000000000010202, ERR=0x0000000000000004
  TRAPNO=0x000000000000000e

Top of Stack: (sp=0x0000000113eb3a00)
0x0000000113eb3a00:   00007fed28861800 0000000000000000
0x0000000113eb3a10:   0000000000000000 0000000000000000
0x0000000113eb3a20:   00007fed28861800 00007fed28861800
0x0000000113eb3a30:   0000000113eb3a9b 0000000113eb3aa0
0x0000000113eb3a40:   00007fed00000008 0000000000000004
0x0000000113eb3a50:   0000000113eb3a70 000000010b5d01f8
0x0000000113eb3a60:   0000000000000001 0000000113eb3b18
0x0000000113eb3a70:   0000000113eb3ae0 000000010b5b502b
0x0000000113eb3a80:   0000000113eb3ab0 00007fed28718e30
0x0000000113eb3a90:   0000000500000032 0000000a00eb3b18
0x0000000113eb3aa0:   0000000000000000 0000000000000000
0x0000000113eb3ab0:   0000000000000000 0000000113eb3ca0
0x0000000113eb3ac0:   000000010b5d7dc0 00007fed285087a0
0x0000000113eb3ad0:   0000000113eb3b18 000000010b5e3578
0x0000000113eb3ae0:   0000000113eb3af0 000000010b5b5124
0x0000000113eb3af0:   0000000113eb3d10 000000010b5be6b2
0x0000000113eb3b00:   0000357700000013 00000000000f0200
0x0000000113eb3b10:   00007fed28508160 00007fed28718fac
0x0000000113eb3b20:   00007fed0000021c 00007fed28718df0
0x0000000113eb3b30:   00007fed0000012c 0000000113eb3b68
0x0000000113eb3b40:   00007fed28718df0 00007f0000000000
0x0000000113eb3b50:   000035770000000f 00007fff0000ae80
0x0000000113eb3b60:   0000000113eb3b68 ed7f000005000000
0x0000000113eb3b70:   0600000080a24228 00003e74696e693c
0x0000000113eb3b80:   0000005629280300 7f00000100000000
0x0000000113eb3b90:   00000098a24228ed 6946746e69617009
0x0000000113eb3ba0:   5b283b0000006c6c 6574706168634c5b
0x0000000113eb3bb0:   74736575512f3972 6c6f4324376e6f69
0x0000000113eb3bc0:   68634c49493b726f 512f397265747061
0x0000000113eb3bd0:   376e6f6974736575 293b726f6c6f4324
0x0000000113eb3be0:   0000000000000056 a24228ed7f000009
0x0000000113eb3bf0:   6961700900000090 00006c6c6946746e 

Instructions: (pc=0x000000010c132d74)
0x000000010c132d54:   00 00 00 41 f6 87 68 01 00 00 10 75 07 b8 63 00
0x000000010c132d64:   00 00 eb 7a 4d 85 f6 75 07 b8 17 00 00 00 eb 6e
0x000000010c132d74:   4d 8b 36 48 b8 fe fe fe fe fe fe fe fe 49 39 c6
0x000000010c132d84:   74 e7 4d 85 f6 74 e2 48 8d 05 fe fe 4c 00 80 38 

Register to memory mapping:

RAX=0x0000000000000001 is an unknown value
RBX=0x0000000113eb3a9b is pointing into the stack for thread: 0x00007fed28861800
RCX=0x00000000000fc080 is an unknown value
RDX=0x0000000113eb3a9b is pointing into the stack for thread: 0x00007fed28861800
RSP=0x0000000113eb3a00 is pointing into the stack for thread: 0x00007fed28861800
RBP=0x0000000113eb3a50 is pointing into the stack for thread: 0x00007fed28861800
RSI=0x00007fed28861800 is a thread
RDI=0x00007fed286001b0 is an unknown value
R8 =0x00007fed28718aa0 is an unknown value
R9 =0x00007fed28718e60 is an unknown value
R10=0x00000000bc5323d4 is an unknown value
R11=0x00000000892ae11e is an unknown value
R12=0x00007fed28861800 is a thread
R13=0x00007fed00000008 is an unknown value
R14=0x00007fed00000008 is an unknown value
R15=0x00007fed286001b0 is an unknown value


Stack: [0x0000000113db4000,0x0000000113eb4000],  sp=0x0000000113eb3a00,  free space=1022k
Native frames: (J=compiled Java code, j=interpreted, Vv=VM code, C=native code)
V  [libjvm.dylib+0x332d74]  jvmti_IsMethodSynthetic+0xb9
C  [libjdwp.dylib+0x201f8]  isMethodSynthetic+0x63
C  [libjdwp.dylib+0x502b]  methods1+0x10b
C  [libjdwp.dylib+0x5124]  methodsWithGeneric+0xe
C  [libjdwp.dylib+0xe6b2]  debugLoop_run+0x1ce
C  [libjdwp.dylib+0x1f132]  attachThread+0x4d
V  [libjvm.dylib+0x373996]  JvmtiAgentThread::call_start_function()+0x38
V  [libjvm.dylib+0x4ef257]  JavaThread::thread_main_inner()+0x9b
V  [libjvm.dylib+0x4f095f]  JavaThread::run()+0x1a3
V  [libjvm.dylib+0x41a8e1]  java_start(Thread*)+0xd5
C  [libsystem_pthread.dylib+0x1899]  _pthread_body+0x8a
C  [libsystem_pthread.dylib+0x172a]  _pthread_struct_init+0x0
C  [libsystem_pthread.dylib+0x5fc9]  thread_start+0xd


---------------  P R O C E S S  ---------------

Java Threads: ( => current thread )
  0x00007fed2a009800 JavaThread "Service Thread" daemon [_thread_blocked, id=20739, stack(0x00000001142c3000,0x00000001143c3000)]
  0x00007fed2a008800 JavaThread "C2 CompilerThread1" daemon [_thread_blocked, id=20227, stack(0x00000001141c0000,0x00000001142c0000)]
  0x00007fed2a000000 JavaThread "C2 CompilerThread0" daemon [_thread_blocked, id=19715, stack(0x00000001140bd000,0x00000001141bd000)]
  0x00007fed29007800 JavaThread "JDWP Command Reader" daemon [_thread_in_native, id=19203, stack(0x0000000113fba000,0x00000001140ba000)]
  0x00007fed29006800 JavaThread "JDWP Event Helper Thread" daemon [_thread_blocked, id=18691, stack(0x0000000113eb7000,0x0000000113fb7000)]
=>0x00007fed28861800 JavaThread "JDWP Transport Listener: dt_socket" daemon [_thread_in_vm, id=18179, stack(0x0000000113db4000,0x0000000113eb4000)]
  0x00007fed29807800 JavaThread "Signal Dispatcher" daemon [_thread_blocked, id=17667, stack(0x0000000113cab000,0x0000000113dab000)]
  0x00007fed2885e800 JavaThread "Finalizer" daemon [_thread_blocked, id=12547, stack(0x0000000113a5c000,0x0000000113b5c000)]
  0x00007fed2885c000 JavaThread "Reference Handler" daemon [_thread_blocked, id=12035, stack(0x0000000113959000,0x0000000113a59000)]
  0x00007fed28810800 JavaThread "main" [_thread_blocked, id=6403, stack(0x000000010b470000,0x000000010b570000)]

Other Threads:
  0x00007fed2885b800 VMThread [stack: 0x0000000113856000,0x0000000113956000] [id=11523]
  0x00007fed29011800 WatcherThread [stack: 0x00000001143c6000,0x00000001144c6000] [id=21251]

VM state:not at safepoint (normal execution)

VM Mutex/Monitor currently owned by a thread: None

Heap
 PSYoungGen      total 19456K, used 1352K [0x00000007eaa80000, 0x00000007ec000000, 0x0000000800000000)
  eden space 16896K, 8% used [0x00000007eaa80000,0x00000007eabd2118,0x00000007ebb00000)
  from space 2560K, 0% used [0x00000007ebd80000,0x00000007ebd80000,0x00000007ec000000)
  to   space 2560K, 0% used [0x00000007ebb00000,0x00000007ebb00000,0x00000007ebd80000)
 ParOldGen       total 43520K, used 0K [0x00000007c0000000, 0x00000007c2a80000, 0x00000007eaa80000)
  object space 43520K, 0% used [0x00000007c0000000,0x00000007c0000000,0x00000007c2a80000)
 PSPermGen       total 21504K, used 2745K [0x00000007bae00000, 0x00000007bc300000, 0x00000007c0000000)
  object space 21504K, 12% used [0x00000007bae00000,0x00000007bb0ae498,0x00000007bc300000)

Card table byte_map: [0x000000010f91b000,0x000000010fb45000] byte_map_base: 0x000000010bb44000

Polling page: 0x000000010b5af000

Code Cache  [0x000000010c85b000, 0x000000010cacb000, 0x000000010f85b000)
 total_blobs=179 nmethods=6 adapters=136 free_code_cache=48764Kb largest_free_block=49919424

Compilation events (10 events):
Event: 0.119 Thread 0x00007fed2a000000 nmethod 1 0x000000010c8ba710 code [0x000000010c8ba860, 0x000000010c8baa48]
Event: 0.119 Thread 0x00007fed2a008800 nmethod 2 0x000000010c8ba350 code [0x000000010c8ba4a0, 0x000000010c8ba658]
Event: 0.124 Thread 0x00007fed2a000000    3             sun.nio.cs.UTF_8$Encoder::encode (361 bytes)
Event: 0.129 Thread 0x00007fed2a008800    4             java.lang.String::charAt (29 bytes)
Event: 0.130 Thread 0x00007fed2a008800 nmethod 4 0x000000010c8ba010 code [0x000000010c8ba160, 0x000000010c8ba258]
Event: 0.136 Thread 0x00007fed2a000000 nmethod 3 0x000000010c8bcf90 code [0x000000010c8bd120, 0x000000010c8bd808]
Event: 0.136 Thread 0x00007fed2a000000    5             java.io.UnixFileSystem::normalize (75 bytes)
Event: 0.143 Thread 0x00007fed2a000000 nmethod 5 0x000000010c8b9790 code [0x000000010c8b9900, 0x000000010c8b9bd8]
Event: 5.730 Thread 0x00007fed2a008800    6             java.lang.String::lastIndexOf (52 bytes)
Event: 5.733 Thread 0x00007fed2a008800 nmethod 6 0x000000010c8bdd90 code [0x000000010c8bdee0, 0x000000010c8be088]

GC Heap History (0 events):
No events

Deoptimization events (0 events):
No events

Internal exceptions (10 events):
Event: 0.121 Thread 0x00007fed28810800 Threw 0x00000007eab27e58 at /HUDSON/workspace/jdk7u40-2-build-macosx-amd64-product/jdk7u40/hotspot/src/share/vm/prims/jvm.cpp:1244
Event: 0.123 Thread 0x00007fed28810800 Threw 0x00000007eab28b18 at /HUDSON/workspace/jdk7u40-2-build-macosx-amd64-product/jdk7u40/hotspot/src/share/vm/prims/jni.cpp:717
Event: 0.123 Thread 0x00007fed28810800 Threw 0x00000007eab28c38 at /HUDSON/workspace/jdk7u40-2-build-macosx-amd64-product/jdk7u40/hotspot/src/share/vm/prims/jvm.cpp:1244
Event: 0.123 Thread 0x00007fed28810800 Threw 0x00000007eab28d60 at /HUDSON/workspace/jdk7u40-2-build-macosx-amd64-product/jdk7u40/hotspot/src/share/vm/prims/jvm.cpp:1244
Event: 0.126 Thread 0x00007fed28810800 Threw 0x00000007eab8ff90 at /HUDSON/workspace/jdk7u40-2-build-macosx-amd64-product/jdk7u40/hotspot/src/share/vm/prims/jni.cpp:717
Event: 0.127 Thread 0x00007fed28810800 Threw 0x00000007eab900b0 at /HUDSON/workspace/jdk7u40-2-build-macosx-amd64-product/jdk7u40/hotspot/src/share/vm/prims/jvm.cpp:1244
Event: 0.127 Thread 0x00007fed28810800 Threw 0x00000007eab901d8 at /HUDSON/workspace/jdk7u40-2-build-macosx-amd64-product/jdk7u40/hotspot/src/share/vm/prims/jvm.cpp:1244
Event: 0.127 Thread 0x00007fed28810800 Threw 0x00000007eab90428 at /HUDSON/workspace/jdk7u40-2-build-macosx-amd64-product/jdk7u40/hotspot/src/share/vm/prims/jvm.cpp:1244
Event: 0.150 Thread 0x00007fed28810800 Threw 0x00000007eabbb4b8 at /HUDSON/workspace/jdk7u40-2-build-macosx-amd64-product/jdk7u40/hotspot/src/share/vm/prims/jvm.cpp:1244
Event: 5.729 Thread 0x00007fed28810800 Threw 0x00000007eabc0e80 at /HUDSON/workspace/jdk7u40-2-build-macosx-amd64-product/jdk7u40/hotspot/src/share/vm/prims/jvm.cpp:1244

Events (10 events):
Event: 89.939 Executing VM operation: ChangeBreakpoints
Event: 89.939 Executing VM operation: ChangeBreakpoints done
Event: 89.941 Executing VM operation: RedefineClasses
Event: 89.941 Executing VM operation: RedefineClasses done
Event: 89.955 Executing VM operation: ChangeBreakpoints
Event: 89.955 Executing VM operation: ChangeBreakpoints done
Event: 180.300 Executing VM operation: ChangeBreakpoints
Event: 180.300 Executing VM operation: ChangeBreakpoints done
Event: 1399.743 Executing VM operation: RedefineClasses
Event: 1399.744 Executing VM operation: RedefineClasses done


Dynamic libraries:
0x00000000035ca000 	/System/Library/Frameworks/Cocoa.framework/Versions/A/Cocoa
0x00000000035ca000 	/System/Library/Frameworks/Security.framework/Versions/A/Security
0x00000000035ca000 	/System/Library/Frameworks/ApplicationServices.framework/Versions/A/ApplicationServices
0x00000000035ca000 	/usr/lib/libz.1.dylib
0x00000000035ca000 	/usr/lib/libSystem.B.dylib
0x00000000035ca000 	/usr/lib/libobjc.A.dylib
0x00000000035ca000 	/System/Library/Frameworks/CoreFoundation.framework/Versions/A/CoreFoundation
0x00000000035ca000 	/System/Library/Frameworks/Foundation.framework/Versions/C/Foundation
0x00000000035ca000 	/System/Library/Frameworks/AppKit.framework/Versions/C/AppKit
0x00000000035ca000 	/System/Library/Frameworks/CoreData.framework/Versions/A/CoreData
0x00000000035ca000 	/System/Library/PrivateFrameworks/RemoteViewServices.framework/Versions/A/RemoteViewServices
0x00000000035ca000 	/System/Library/Frameworks/AudioToolbox.framework/Versions/A/AudioToolbox
0x00000000035ca000 	/System/Library/Frameworks/AudioUnit.framework/Versions/A/AudioUnit
0x00000000035ca000 	/System/Library/PrivateFrameworks/DataDetectorsCore.framework/Versions/A/DataDetectorsCore
0x00000000035ca000 	/System/Library/PrivateFrameworks/DesktopServicesPriv.framework/Versions/A/DesktopServicesPriv
0x00000000035ca000 	/System/Library/Frameworks/Carbon.framework/Versions/A/Frameworks/HIToolbox.framework/Versions/A/HIToolbox
0x00000000035ca000 	/System/Library/Frameworks/QuartzCore.framework/Versions/A/QuartzCore
0x00000000035ca000 	/System/Library/Frameworks/Carbon.framework/Versions/A/Frameworks/SpeechRecognition.framework/Versions/A/SpeechRecognition
0x00000000035ca000 	/usr/lib/libauto.dylib
0x00000000035ca000 	/usr/lib/libicucore.A.dylib
0x00000000035ca000 	/usr/lib/libxml2.2.dylib
0x00000000035ca000 	/System/Library/PrivateFrameworks/CoreUI.framework/Versions/A/CoreUI
0x00000000035ca000 	/System/Library/Frameworks/CoreAudio.framework/Versions/A/CoreAudio
0x00000000035ca000 	/System/Library/Frameworks/DiskArbitration.framework/Versions/A/DiskArbitration
0x00000000035ca000 	/usr/lib/liblangid.dylib
0x00000000035ca000 	/System/Library/PrivateFrameworks/MultitouchSupport.framework/Versions/A/MultitouchSupport
0x00000000035ca000 	/System/Library/Frameworks/IOKit.framework/Versions/A/IOKit
0x00000000035ca000 	/usr/lib/libDiagnosticMessagesClient.dylib
0x00000000035ca000 	/System/Library/Frameworks/CoreServices.framework/Versions/A/CoreServices
0x00000000035ca000 	/System/Library/PrivateFrameworks/PerformanceAnalysis.framework/Versions/A/PerformanceAnalysis
0x00000000035ca000 	/System/Library/PrivateFrameworks/GenerationalStorage.framework/Versions/A/GenerationalStorage
0x00000000035ca000 	/System/Library/Frameworks/OpenGL.framework/Versions/A/OpenGL
0x00000000035ca000 	/System/Library/PrivateFrameworks/Sharing.framework/Versions/A/Sharing
0x00000000035ca000 	/System/Library/Frameworks/ImageIO.framework/Versions/A/ImageIO
0x00000000035ca000 	/System/Library/Frameworks/CoreText.framework/Versions/A/CoreText
0x00000000035ca000 	/System/Library/Frameworks/CoreGraphics.framework/Versions/A/CoreGraphics
0x00000000035ca000 	/System/Library/PrivateFrameworks/Backup.framework/Versions/A/Backup
0x00000000035ca000 	/System/Library/Frameworks/CFNetwork.framework/Versions/A/CFNetwork
0x00000000035ca000 	/System/Library/Frameworks/SystemConfiguration.framework/Versions/A/SystemConfiguration
0x00000000035ca000 	/usr/lib/libCRFSuite.dylib
0x00000000035ca000 	/usr/lib/libc++.1.dylib
0x00000000035ca000 	/usr/lib/libc++abi.dylib
0x00000000035ca000 	/usr/lib/system/libcache.dylib
0x00000000035ca000 	/usr/lib/system/libcommonCrypto.dylib
0x00000000035ca000 	/usr/lib/system/libcompiler_rt.dylib
0x00000000035ca000 	/usr/lib/system/libcopyfile.dylib
0x00000000035ca000 	/usr/lib/system/libcorecrypto.dylib
0x00000000035ca000 	/usr/lib/system/libdispatch.dylib
0x00000000035ca000 	/usr/lib/system/libdyld.dylib
0x00000000035ca000 	/usr/lib/system/libkeymgr.dylib
0x00000000035ca000 	/usr/lib/system/liblaunch.dylib
0x00000000035ca000 	/usr/lib/system/libmacho.dylib
0x00000000035ca000 	/usr/lib/system/libquarantine.dylib
0x00000000035ca000 	/usr/lib/system/libremovefile.dylib
0x00000000035ca000 	/usr/lib/system/libsystem_asl.dylib
0x00000000035ca000 	/usr/lib/system/libsystem_blocks.dylib
0x00000000035ca000 	/usr/lib/system/libsystem_c.dylib
0x00000000035ca000 	/usr/lib/system/libsystem_configuration.dylib
0x00000000035ca000 	/usr/lib/system/libsystem_dnssd.dylib
0x00000000035ca000 	/usr/lib/system/libsystem_info.dylib
0x00000000035ca000 	/usr/lib/system/libsystem_kernel.dylib
0x00000000035ca000 	/usr/lib/system/libsystem_m.dylib
0x00000000035ca000 	/usr/lib/system/libsystem_malloc.dylib
0x00000000035ca000 	/usr/lib/system/libsystem_network.dylib
0x00000000035ca000 	/usr/lib/system/libsystem_notify.dylib
0x00000000035ca000 	/usr/lib/system/libsystem_platform.dylib
0x00000000035ca000 	/usr/lib/system/libsystem_pthread.dylib
0x00000000035ca000 	/usr/lib/system/libsystem_sandbox.dylib
0x00000000035ca000 	/usr/lib/system/libsystem_stats.dylib
0x00000000035ca000 	/usr/lib/system/libunc.dylib
0x00000000035ca000 	/usr/lib/system/libunwind.dylib
0x00000000035ca000 	/usr/lib/system/libxpc.dylib
0x00000000035ca000 	/usr/lib/libbsm.0.dylib
0x00000000035ca000 	/usr/lib/libsqlite3.dylib
0x00000000035ca000 	/usr/lib/libxar.1.dylib
0x00000000035ca000 	/usr/lib/libpam.2.dylib
0x00000000035ca000 	/usr/lib/libOpenScriptingUtil.dylib
0x00000000035ca000 	/usr/lib/libbz2.1.0.dylib
0x00000000035ca000 	/System/Library/Frameworks/CoreServices.framework/Versions/A/Frameworks/CarbonCore.framework/Versions/A/CarbonCore
0x00000000035ca000 	/System/Library/Frameworks/CoreServices.framework/Versions/A/Frameworks/Metadata.framework/Versions/A/Metadata
0x00000000035ca000 	/System/Library/Frameworks/CoreServices.framework/Versions/A/Frameworks/OSServices.framework/Versions/A/OSServices
0x00000000035ca000 	/System/Library/Frameworks/CoreServices.framework/Versions/A/Frameworks/SearchKit.framework/Versions/A/SearchKit
0x00000000035ca000 	/System/Library/Frameworks/CoreServices.framework/Versions/A/Frameworks/AE.framework/Versions/A/AE
0x00000000035ca000 	/System/Library/Frameworks/CoreServices.framework/Versions/A/Frameworks/LaunchServices.framework/Versions/A/LaunchServices
0x00000000035ca000 	/System/Library/Frameworks/CoreServices.framework/Versions/A/Frameworks/DictionaryServices.framework/Versions/A/DictionaryServices
0x00000000035ca000 	/System/Library/Frameworks/NetFS.framework/Versions/A/NetFS
0x00000000035ca000 	/usr/lib/system/libkxld.dylib
0x00000000035ca000 	/System/Library/PrivateFrameworks/NetAuth.framework/Versions/A/NetAuth
0x00000000035ca000 	/System/Library/PrivateFrameworks/TCC.framework/Versions/A/TCC
0x00000000035ca000 	/System/Library/Frameworks/OpenDirectory.framework/Versions/A/Frameworks/CFOpenDirectory.framework/Versions/A/CFOpenDirectory
0x00000000035ca000 	/System/Library/Frameworks/ServiceManagement.framework/Versions/A/ServiceManagement
0x00000000035ca000 	/usr/lib/libxslt.1.dylib
0x00000000035ca000 	/System/Library/Frameworks/Carbon.framework/Versions/A/Frameworks/Ink.framework/Versions/A/Ink
0x00000000035ca000 	/System/Library/Frameworks/ApplicationServices.framework/Versions/A/Frameworks/ATS.framework/Versions/A/ATS
0x00000000035ca000 	/System/Library/Frameworks/ApplicationServices.framework/Versions/A/Frameworks/ColorSync.framework/Versions/A/ColorSync
0x00000000035ca000 	/System/Library/Frameworks/ApplicationServices.framework/Versions/A/Frameworks/HIServices.framework/Versions/A/HIServices
0x00000000035ca000 	/System/Library/Frameworks/ApplicationServices.framework/Versions/A/Frameworks/LangAnalysis.framework/Versions/A/LangAnalysis
0x00000000035ca000 	/System/Library/Frameworks/ApplicationServices.framework/Versions/A/Frameworks/PrintCore.framework/Versions/A/PrintCore
0x00000000035ca000 	/System/Library/Frameworks/ApplicationServices.framework/Versions/A/Frameworks/QD.framework/Versions/A/QD
0x00000000035ca000 	/System/Library/Frameworks/ApplicationServices.framework/Versions/A/Frameworks/SpeechSynthesis.framework/Versions/A/SpeechSynthesis
0x00000000035ca000 	/System/Library/Frameworks/IOSurface.framework/Versions/A/IOSurface
0x00000000035ca000 	/System/Library/Frameworks/Accelerate.framework/Versions/A/Accelerate
0x00000000035ca000 	/System/Library/Frameworks/Accelerate.framework/Versions/A/Frameworks/vImage.framework/Versions/A/vImage
0x00000000035ca000 	/System/Library/Frameworks/Accelerate.framework/Versions/A/Frameworks/vecLib.framework/Versions/A/vecLib
0x00000000035ca000 	/System/Library/Frameworks/Accelerate.framework/Versions/A/Frameworks/vecLib.framework/Versions/A/libvDSP.dylib
0x00000000035ca000 	/System/Library/Frameworks/Accelerate.framework/Versions/A/Frameworks/vecLib.framework/Versions/A/libvMisc.dylib
0x00000000035ca000 	/System/Library/Frameworks/Accelerate.framework/Versions/A/Frameworks/vecLib.framework/Versions/A/libLAPACK.dylib
0x00000000035ca000 	/System/Library/Frameworks/Accelerate.framework/Versions/A/Frameworks/vecLib.framework/Versions/A/libBLAS.dylib
0x00000000035ca000 	/System/Library/Frameworks/ApplicationServices.framework/Versions/A/Frameworks/ATS.framework/Versions/A/Resources/libFontParser.dylib
0x00000000035ca000 	/System/Library/Frameworks/ApplicationServices.framework/Versions/A/Frameworks/ATS.framework/Versions/A/Resources/libFontRegistry.dylib
0x00000000035ca000 	/System/Library/Frameworks/ImageIO.framework/Versions/A/Resources/libJPEG.dylib
0x00000000035ca000 	/System/Library/Frameworks/ImageIO.framework/Versions/A/Resources/libTIFF.dylib
0x00000000035ca000 	/System/Library/Frameworks/ImageIO.framework/Versions/A/Resources/libPng.dylib
0x00000000035ca000 	/System/Library/Frameworks/ImageIO.framework/Versions/A/Resources/libGIF.dylib
0x00000000035ca000 	/System/Library/Frameworks/ImageIO.framework/Versions/A/Resources/libJP2.dylib
0x00000000035ca000 	/System/Library/Frameworks/ImageIO.framework/Versions/A/Resources/libRadiance.dylib
0x00000000035ca000 	/usr/lib/libcups.2.dylib
0x00000000035ca000 	/System/Library/Frameworks/Kerberos.framework/Versions/A/Kerberos
0x00000000035ca000 	/System/Library/Frameworks/GSS.framework/Versions/A/GSS
0x00000000035ca000 	/usr/lib/libresolv.9.dylib
0x00000000035ca000 	/usr/lib/libiconv.2.dylib
0x00000000035ca000 	/System/Library/PrivateFrameworks/Heimdal.framework/Versions/A/Heimdal
0x00000000035ca000 	/System/Library/PrivateFrameworks/TrustEvaluationAgent.framework/Versions/A/TrustEvaluationAgent
0x00000000035ca000 	/usr/lib/libheimdal-asn1.dylib
0x00000000035ca000 	/System/Library/Frameworks/OpenDirectory.framework/Versions/A/OpenDirectory
0x00000000035ca000 	/System/Library/PrivateFrameworks/CommonAuth.framework/Versions/A/CommonAuth
0x00000000035ca000 	/System/Library/Frameworks/SecurityFoundation.framework/Versions/A/SecurityFoundation
0x00000000035ca000 	/System/Library/PrivateFrameworks/Bom.framework/Versions/A/Bom
0x00000000035ca000 	/System/Library/Frameworks/CoreVideo.framework/Versions/A/CoreVideo
0x00000000035ca000 	/System/Library/Frameworks/QuartzCore.framework/Versions/A/Frameworks/CoreImage.framework/Versions/A/CoreImage
0x00000000035ca000 	/System/Library/Frameworks/QuartzCore.framework/Versions/A/Frameworks/ScalableUserInterface.framework/Versions/A/ScalableUserInterface
0x00000000035ca000 	/System/Library/Frameworks/OpenGL.framework/Versions/A/Libraries/libGLU.dylib
0x00000000035ca000 	/System/Library/Frameworks/OpenGL.framework/Versions/A/Libraries/libGFXShared.dylib
0x00000000035ca000 	/System/Library/Frameworks/OpenGL.framework/Versions/A/Libraries/libGL.dylib
0x00000000035ca000 	/System/Library/Frameworks/OpenGL.framework/Versions/A/Libraries/libGLImage.dylib
0x00000000035ca000 	/System/Library/Frameworks/OpenGL.framework/Versions/A/Libraries/libCVMSPluginSupport.dylib
0x00000000035ca000 	/System/Library/Frameworks/OpenGL.framework/Versions/A/Libraries/libCoreVMClient.dylib
0x00000000035ca000 	/System/Library/PrivateFrameworks/FaceCore.framework/Versions/A/FaceCore
0x00000000035ca000 	/System/Library/PrivateFrameworks/CrashReporterSupport.framework/Versions/A/CrashReporterSupport
0x00000000035ca000 	/System/Library/Frameworks/OpenCL.framework/Versions/A/OpenCL
0x00000000035ca000 	/System/Library/PrivateFrameworks/AppleFSCompression.framework/Versions/A/AppleFSCompression
0x00000000035ca000 	/System/Library/PrivateFrameworks/Ubiquity.framework/Versions/A/Ubiquity
0x00000000035ca000 	/System/Library/PrivateFrameworks/IconServices.framework/Versions/A/IconServices
0x00000000035ca000 	/System/Library/PrivateFrameworks/ChunkingLibrary.framework/Versions/A/ChunkingLibrary
0x00000000035ca000 	/System/Library/PrivateFrameworks/CoreSymbolication.framework/Versions/A/CoreSymbolication
0x00000000035ca000 	/System/Library/PrivateFrameworks/Symbolication.framework/Versions/A/Symbolication
0x00000000035ca000 	/System/Library/PrivateFrameworks/DebugSymbols.framework/Versions/A/DebugSymbols
0x000000010be00000 	/Library/Java/JavaVirtualMachines/jdk1.7.0_40.jdk/Contents/Home/jre/lib/server/libjvm.dylib
0x00000000035ca000 	/usr/lib/libstdc++.6.dylib
0x000000010b572000 	/Library/Java/JavaVirtualMachines/jdk1.7.0_40.jdk/Contents/Home/jre/lib/libverify.dylib
0x000000010b57f000 	/Library/Java/JavaVirtualMachines/jdk1.7.0_40.jdk/Contents/Home/jre/lib/libjava.dylib
0x000000010b5b0000 	/Library/Java/JavaVirtualMachines/jdk1.7.0_40.jdk/Contents/Home/jre/lib/libjdwp.dylib
0x000000010b5ed000 	/Library/Java/JavaVirtualMachines/jdk1.7.0_40.jdk/Contents/Home/jre/lib/libnpt.dylib
0x000000010c852000 	/Library/Java/JavaVirtualMachines/jdk1.7.0_40.jdk/Contents/Home/jre/lib/libzip.dylib
0x0000000113b5e000 	/System/Library/Frameworks/JavaVM.framework/Frameworks/JavaRuntimeSupport.framework/JavaRuntimeSupport
0x0000000113b76000 	/System/Library/Frameworks/JavaVM.framework/Versions/A/Frameworks/JavaNativeFoundation.framework/Versions/A/JavaNativeFoundation
0x0000000113b8b000 	/System/Library/Frameworks/JavaVM.framework/Versions/A/JavaVM
0x00000000035ca000 	/System/Library/Frameworks/Carbon.framework/Versions/A/Carbon
0x0000000113b98000 	/System/Library/PrivateFrameworks/JavaLaunching.framework/Versions/A/JavaLaunching
0x00000000035ca000 	/System/Library/Frameworks/Carbon.framework/Versions/A/Frameworks/CommonPanels.framework/Versions/A/CommonPanels
0x00000000035ca000 	/System/Library/Frameworks/Carbon.framework/Versions/A/Frameworks/Help.framework/Versions/A/Help
0x00000000035ca000 	/System/Library/Frameworks/Carbon.framework/Versions/A/Frameworks/ImageCapture.framework/Versions/A/ImageCapture
0x00000000035ca000 	/System/Library/Frameworks/Carbon.framework/Versions/A/Frameworks/OpenScripting.framework/Versions/A/OpenScripting
0x00000000035ca000 	/System/Library/Frameworks/Carbon.framework/Versions/A/Frameworks/Print.framework/Versions/A/Print
0x00000000035ca000 	/System/Library/Frameworks/Carbon.framework/Versions/A/Frameworks/SecurityHI.framework/Versions/A/SecurityHI
0x0000000113dad000 	/Library/Java/JavaVirtualMachines/jdk1.7.0_40.jdk/Contents/Home/jre/lib/libdt_socket.dylib

VM Arguments:
jvm_args: -agentlib:jdwp=transport=dt_socket,address=127.0.0.1:58881,suspend=y,server=n -Dfile.encoding=UTF-8 
java_command: chapter9.Question7
Launcher Type: SUN_STANDARD

Environment Variables:
PATH=/usr/bin:/bin:/usr/sbin:/sbin
SHELL=/bin/bash

Signal Handlers:
SIGSEGV: [libjvm.dylib+0x524b25], sa_mask[0]=0xfffefeff, sa_flags=0x00000043
SIGBUS: [libjvm.dylib+0x524b25], sa_mask[0]=0xfffefeff, sa_flags=0x00000042
SIGFPE: [libjvm.dylib+0x4180e6], sa_mask[0]=0xfffefeff, sa_flags=0x00000042
SIGPIPE: [libjvm.dylib+0x4180e6], sa_mask[0]=0xfffefeff, sa_flags=0x00000042
SIGXFSZ: [libjvm.dylib+0x4180e6], sa_mask[0]=0xfffefeff, sa_flags=0x00000042
SIGILL: [libjvm.dylib+0x4180e6], sa_mask[0]=0xfffefeff, sa_flags=0x00000042
SIGUSR1: SIG_DFL, sa_mask[0]=0x00000000, sa_flags=0x00000002
SIGUSR2: [libjvm.dylib+0x417bd8], sa_mask[0]=0x00000004, sa_flags=0x00000042
SIGHUP: [libjvm.dylib+0x415e67], sa_mask[0]=0xfffefeff, sa_flags=0x00000042
SIGINT: [libjvm.dylib+0x415e67], sa_mask[0]=0xfffefeff, sa_flags=0x00000042
SIGTERM: [libjvm.dylib+0x415e67], sa_mask[0]=0xfffefeff, sa_flags=0x00000042
SIGQUIT: [libjvm.dylib+0x415e67], sa_mask[0]=0xfffefeff, sa_flags=0x00000042


---------------  S Y S T E M  ---------------

OS:Bsduname:Darwin 13.1.0 Darwin Kernel Version 13.1.0: Wed Apr  2 23:52:02 PDT 2014; root:xnu-2422.92.1~2/RELEASE_X86_64 x86_64
rlimit: STACK 8192k, CORE 0k, NPROC 709, NOFILE 10240, AS infinity
load average:2.56 2.29 2.18

CPU:total 4 (2 cores per cpu, 2 threads per core) family 6 model 69 stepping 1, cmov, cx8, fxsr, mmx, sse, sse2, sse3, ssse3, sse4.1, sse4.2, popcnt, avx, avx2, aes, erms, ht, tsc, tscinvbit

Memory: 4k page, physical 4194304k(1048576k free)

/proc/meminfo:


vm_info: Java HotSpot(TM) 64-Bit Server VM (24.0-b56) for bsd-amd64 JRE (1.7.0_40-b43), built on Aug 26 2013 21:29:19 by "java_re" with gcc 4.2.1 (Based on Apple Inc. build 5658) (LLVM build 2336.11.00)

time: Mon May 12 21:40:33 2014
elapsed time: 1404 seconds

